# JRE version: OpenJDK Runtime Environment Temurin-21.0.10+7 (21.0.10+7) (build 21.0.10+7-LTS)
# Java VM: OpenJDK 64-Bit Server VM Temurin-21.0.10+7 (21.0.10+7-LTS, mixed mode, sharing, tiered, compressed oops, compressed class ptrs, parallel gc, windows-amd64)
GC Precious Log:
 CardTable entry size: 512
 CPUs: 16 total, 16 available
 Memory: 8061M
 Large Page Support: Disabled
 NUMA Support: Disabled
 Compressed Oops: Enabled (32-bit)
 Alignments: Space 512K, Generation 512K, Heap 2M
 Heap Min Capacity: 100M
 Heap Initial Capacity: 100M
 Heap Max Capacity: 2G
 Pre-touch: Disabled
 Parallel Workers: 13
Heap:
 PSYoungGen      total 23040K, used 8524K [0x00000000d5580000, 0x00000000d7080000, 0x0000000100000000)
  eden space 21504K, 32% used [0x00000000d5580000,0x00000000d5c55620,0x00000000d6a80000)
  from space 1536K, 99% used [0x00000000d6b00000,0x00000000d6c7dc90,0x00000000d6c80000)
  to   space 3072K, 0% used [0x00000000d6d80000,0x00000000d6d80000,0x00000000d7080000)
 ParOldGen       total 68608K, used 25103K [0x0000000080000000, 0x0000000084300000, 0x00000000d5580000)
  object space 68608K, 36% used [0x0000000080000000,0x0000000081883ea0,0x0000000084300000)
 Metaspace       used 48670K, committed 49856K, reserved 1114112K
  class space    used 5400K, committed 5952K, reserved 1048576K
GC Heap History (20 events):
Event: 29.590 GC heap before
{Heap before GC invocations=12 (full 1):
 PSYoungGen      total 25600K, used 25598K [0x00000000d5580000, 0x00000000d7380000, 0x0000000100000000)
  eden space 23040K, 100% used [0x00000000d5580000,0x00000000d6c00000,0x00000000d6c00000)
  from space 2560K, 99% used [0x00000000d7100000,0x00000000d737fb68,0x00000000d7380000)
  to   space 3584K, 0% used [0x00000000d6c80000,0x00000000d6c80000,0x00000000d7000000)
 ParOldGen       total 68608K, used 14106K [0x0000000080000000, 0x0000000084300000, 0x00000000d5580000)
  object space 68608K, 20% used [0x0000000080000000,0x0000000080dc6b20,0x0000000084300000)
 Metaspace       used 30810K, committed 31744K, reserved 1114112K
  class space    used 3140K, committed 3520K, reserved 1048576K
}
Event: 29.595 GC heap after
{Heap after GC invocations=12 (full 1):
 PSYoungGen      total 24064K, used 1310K [0x00000000d5580000, 0x00000000d7180000, 0x0000000100000000)
  eden space 22528K, 0% used [0x00000000d5580000,0x00000000d5580000,0x00000000d6b80000)
  from space 1536K, 85% used [0x00000000d6c80000,0x00000000d6dc7810,0x00000000d6e00000)
  to   space 2048K, 0% used [0x00000000d6f80000,0x00000000d6f80000,0x00000000d7180000)
 ParOldGen       total 68608K, used 16415K [0x0000000080000000, 0x0000000084300000, 0x00000000d5580000)
  object space 68608K, 23% used [0x0000000080000000,0x0000000081007f28,0x0000000084300000)
 Metaspace       used 30810K, committed 31744K, reserved 1114112K
  class space    used 3140K, committed 3520K, reserved 1048576K
}
Event: 30.223 GC heap before
{Heap before GC invocations=13 (full 1):
 PSYoungGen      total 24064K, used 23838K [0x00000000d5580000, 0x00000000d7180000, 0x0000000100000000)
  eden space 22528K, 100% used [0x00000000d5580000,0x00000000d6b80000,0x00000000d6b80000)
  from space 1536K, 85% used [0x00000000d6c80000,0x00000000d6dc7810,0x00000000d6e00000)
  to   space 2048K, 0% used [0x00000000d6f80000,0x00000000d6f80000,0x00000000d7180000)
 ParOldGen       total 68608K, used 16415K [0x0000000080000000, 0x0000000084300000, 0x00000000d5580000)
  object space 68608K, 23% used [0x0000000080000000,0x0000000081007f28,0x0000000084300000)
 Metaspace       used 33315K, committed 34304K, reserved 1114112K
  class space    used 3420K, committed 3840K, reserved 1048576K
}
Event: 30.226 GC heap after
{Heap after GC invocations=13 (full 1):
 PSYoungGen      total 23552K, used 1181K [0x00000000d5580000, 0x00000000d7100000, 0x0000000100000000)
  eden space 22016K, 0% used [0x00000000d5580000,0x00000000d5580000,0x00000000d6b00000)
  from space 1536K, 76% used [0x00000000d6f80000,0x00000000d70a7470,0x00000000d7100000)
  to   space 1536K, 0% used [0x00000000d6e00000,0x00000000d6e00000,0x00000000d6f80000)
 ParOldGen       total 68608K, used 17349K [0x0000000080000000, 0x0000000084300000, 0x00000000d5580000)
  object space 68608K, 25% used [0x0000000080000000,0x00000000810f1668,0x0000000084300000)
 Metaspace       used 33315K, committed 34304K, reserved 1114112K
  class space    used 3420K, committed 3840K, reserved 1048576K
}
Event: 30.544 GC heap before
{Heap before GC invocations=14 (full 1):
 PSYoungGen      total 23552K, used 19119K [0x00000000d5580000, 0x00000000d7100000, 0x0000000100000000)
  eden space 22016K, 81% used [0x00000000d5580000,0x00000000d67047c0,0x00000000d6b00000)
  from space 1536K, 76% used [0x00000000d6f80000,0x00000000d70a7470,0x00000000d7100000)
  to   space 1536K, 0% used [0x00000000d6e00000,0x00000000d6e00000,0x00000000d6f80000)
 ParOldGen       total 68608K, used 17349K [0x0000000080000000, 0x0000000084300000, 0x00000000d5580000)
  object space 68608K, 25% used [0x0000000080000000,0x00000000810f1668,0x0000000084300000)
 Metaspace       used 34892K, committed 35840K, reserved 1114112K
  class space    used 3619K, committed 4032K, reserved 1048576K
}
Event: 30.548 GC heap after
{Heap after GC invocations=14 (full 1):
 PSYoungGen      total 23552K, used 1185K [0x00000000d5580000, 0x00000000d7000000, 0x0000000100000000)
  eden space 22016K, 0% used [0x00000000d5580000,0x00000000d5580000,0x00000000d6b00000)
  from space 1536K, 77% used [0x00000000d6e00000,0x00000000d6f28638,0x00000000d6f80000)
  to   space 512K, 0% used [0x00000000d6f80000,0x00000000d6f80000,0x00000000d7000000)
 ParOldGen       total 68608K, used 18293K [0x0000000080000000, 0x0000000084300000, 0x00000000d5580000)
  object space 68608K, 26% used [0x0000000080000000,0x00000000811dd620,0x0000000084300000)
 Metaspace       used 34892K, committed 35840K, reserved 1114112K
  class space    used 3619K, committed 4032K, reserved 1048576K
}
Event: 30.548 GC heap before
{Heap before GC invocations=15 (full 2):
 PSYoungGen      total 23552K, used 1185K [0x00000000d5580000, 0x00000000d7000000, 0x0000000100000000)
  eden space 22016K, 0% used [0x00000000d5580000,0x00000000d5580000,0x00000000d6b00000)
  from space 1536K, 77% used [0x00000000d6e00000,0x00000000d6f28638,0x00000000d6f80000)
  to   space 512K, 0% used [0x00000000d6f80000,0x00000000d6f80000,0x00000000d7000000)
 ParOldGen       total 68608K, used 18293K [0x0000000080000000, 0x0000000084300000, 0x00000000d5580000)
  object space 68608K, 26% used [0x0000000080000000,0x00000000811dd620,0x0000000084300000)
 Metaspace       used 34892K, committed 35840K, reserved 1114112K
  class space    used 3619K, committed 4032K, reserved 1048576K
}
Event: 30.608 GC heap after
{Heap after GC invocations=15 (full 2):
 PSYoungGen      total 23552K, used 0K [0x00000000d5580000, 0x00000000d7000000, 0x0000000100000000)
  eden space 22016K, 0% used [0x00000000d5580000,0x00000000d5580000,0x00000000d6b00000)
  from space 1536K, 0% used [0x00000000d6e00000,0x00000000d6e00000,0x00000000d6f80000)
  to   space 512K, 0% used [0x00000000d6f80000,0x00000000d6f80000,0x00000000d7000000)
 ParOldGen       total 68608K, used 17957K [0x0000000080000000, 0x0000000084300000, 0x00000000d5580000)
  object space 68608K, 26% used [0x0000000080000000,0x0000000081189408,0x0000000084300000)
 Metaspace       used 34892K, committed 35840K, reserved 1114112K
  class space    used 3619K, committed 4032K, reserved 1048576K
}
Event: 31.096 GC heap before
{Heap before GC invocations=16 (full 2):
 PSYoungGen      total 23552K, used 22016K [0x00000000d5580000, 0x00000000d7000000, 0x0000000100000000)
  eden space 22016K, 100% used [0x00000000d5580000,0x00000000d6b00000,0x00000000d6b00000)
  from space 1536K, 0% used [0x00000000d6e00000,0x00000000d6e00000,0x00000000d6f80000)
  to   space 512K, 0% used [0x00000000d6f80000,0x00000000d6f80000,0x00000000d7000000)
 ParOldGen       total 68608K, used 17957K [0x0000000080000000, 0x0000000084300000, 0x00000000d5580000)
  object space 68608K, 26% used [0x0000000080000000,0x0000000081189408,0x0000000084300000)
 Metaspace       used 37498K, committed 38528K, reserved 1114112K
  class space    used 3949K, committed 4416K, reserved 1048576K
}
Event: 31.101 GC heap after
{Heap after GC invocations=16 (full 2):
 PSYoungGen      total 22528K, used 512K [0x00000000d5580000, 0x00000000d7000000, 0x0000000100000000)
  eden space 22016K, 0% used [0x00000000d5580000,0x00000000d5580000,0x00000000d6b00000)
  from space 512K, 100% used [0x00000000d6f80000,0x00000000d7000000,0x00000000d7000000)
  to   space 2560K, 0% used [0x00000000d6b00000,0x00000000d6b00000,0x00000000d6d80000)
 ParOldGen       total 68608K, used 19553K [0x0000000080000000, 0x0000000084300000, 0x00000000d5580000)
  object space 68608K, 28% used [0x0000000080000000,0x00000000813184e0,0x0000000084300000)
 Metaspace       used 37498K, committed 38528K, reserved 1114112K
  class space    used 3949K, committed 4416K, reserved 1048576K
}
Event: 32.231 GC heap before
{Heap before GC invocations=17 (full 2):
 PSYoungGen      total 22528K, used 22528K [0x00000000d5580000, 0x00000000d7000000, 0x0000000100000000)
  eden space 22016K, 100% used [0x00000000d5580000,0x00000000d6b00000,0x00000000d6b00000)
  from space 512K, 100% used [0x00000000d6f80000,0x00000000d7000000,0x00000000d7000000)
  to   space 2560K, 0% used [0x00000000d6b00000,0x00000000d6b00000,0x00000000d6d80000)
 ParOldGen       total 68608K, used 19553K [0x0000000080000000, 0x0000000084300000, 0x00000000d5580000)
  object space 68608K, 28% used [0x0000000080000000,0x00000000813184e0,0x0000000084300000)
 Metaspace       used 39951K, committed 41024K, reserved 1114112K
  class space    used 4279K, committed 4736K, reserved 1048576K
}
Event: 32.234 GC heap after
{Heap after GC invocations=17 (full 2):
 PSYoungGen      total 24576K, used 1248K [0x00000000d5580000, 0x00000000d7000000, 0x0000000100000000)
  eden space 22016K, 0% used [0x00000000d5580000,0x00000000d5580000,0x00000000d6b00000)
  from space 2560K, 48% used [0x00000000d6b00000,0x00000000d6c38000,0x00000000d6d80000)
  to   space 2048K, 0% used [0x00000000d6e00000,0x00000000d6e00000,0x00000000d7000000)
 ParOldGen       total 68608K, used 20041K [0x0000000080000000, 0x0000000084300000, 0x00000000d5580000)
  object space 68608K, 29% used [0x0000000080000000,0x0000000081392500,0x0000000084300000)
 Metaspace       used 39951K, committed 41024K, reserved 1114112K
  class space    used 4279K, committed 4736K, reserved 1048576K
}
Event: 33.495 GC heap before
{Heap before GC invocations=18 (full 2):
 PSYoungGen      total 24576K, used 23264K [0x00000000d5580000, 0x00000000d7000000, 0x0000000100000000)
  eden space 22016K, 100% used [0x00000000d5580000,0x00000000d6b00000,0x00000000d6b00000)
  from space 2560K, 48% used [0x00000000d6b00000,0x00000000d6c38000,0x00000000d6d80000)
  to   space 2048K, 0% used [0x00000000d6e00000,0x00000000d6e00000,0x00000000d7000000)
 ParOldGen       total 68608K, used 20041K [0x0000000080000000, 0x0000000084300000, 0x00000000d5580000)
  object space 68608K, 29% used [0x0000000080000000,0x0000000081392500,0x0000000084300000)
 Metaspace       used 42257K, committed 43328K, reserved 1114112K
  class space    used 4569K, committed 5056K, reserved 1048576K
}
Event: 33.500 GC heap after
{Heap after GC invocations=18 (full 2):
 PSYoungGen      total 23552K, used 2016K [0x00000000d5580000, 0x00000000d7200000, 0x0000000100000000)
  eden space 21504K, 0% used [0x00000000d5580000,0x00000000d5580000,0x00000000d6a80000)
  from space 2048K, 98% used [0x00000000d6e00000,0x00000000d6ff8030,0x00000000d7000000)
  to   space 3584K, 0% used [0x00000000d6a80000,0x00000000d6a80000,0x00000000d6e00000)
 ParOldGen       total 68608K, used 21257K [0x0000000080000000, 0x0000000084300000, 0x00000000d5580000)
  object space 68608K, 30% used [0x0000000080000000,0x00000000814c2500,0x0000000084300000)
 Metaspace       used 42257K, committed 43328K, reserved 1114112K
  class space    used 4569K, committed 5056K, reserved 1048576K
}
Event: 34.574 GC heap before
{Heap before GC invocations=19 (full 2):
 PSYoungGen      total 23552K, used 23520K [0x00000000d5580000, 0x00000000d7200000, 0x0000000100000000)
  eden space 21504K, 100% used [0x00000000d5580000,0x00000000d6a80000,0x00000000d6a80000)
  from space 2048K, 98% used [0x00000000d6e00000,0x00000000d6ff8030,0x00000000d7000000)
  to   space 3584K, 0% used [0x00000000d6a80000,0x00000000d6a80000,0x00000000d6e00000)
 ParOldGen       total 68608K, used 21257K [0x0000000080000000, 0x0000000084300000, 0x00000000d5580000)
  object space 68608K, 30% used [0x0000000080000000,0x00000000814c2500,0x0000000084300000)
 Metaspace       used 44582K, committed 45760K, reserved 1114112K
  class space    used 4856K, committed 5376K, reserved 1048576K
}
Event: 34.579 GC heap after
{Heap after GC invocations=19 (full 2):
 PSYoungGen      total 23552K, used 2032K [0x00000000d5580000, 0x00000000d6f80000, 0x0000000100000000)
  eden space 21504K, 0% used [0x00000000d5580000,0x00000000d5580000,0x00000000d6a80000)
  from space 2048K, 99% used [0x00000000d6a80000,0x00000000d6c7c008,0x00000000d6c80000)
  to   space 2560K, 0% used [0x00000000d6d00000,0x00000000d6d00000,0x00000000d6f80000)
 ParOldGen       total 68608K, used 22600K [0x0000000080000000, 0x0000000084300000, 0x00000000d5580000)
  object space 68608K, 32% used [0x0000000080000000,0x0000000081612210,0x0000000084300000)
 Metaspace       used 44582K, committed 45760K, reserved 1114112K
  class space    used 4856K, committed 5376K, reserved 1048576K
}
Event: 36.009 GC heap before
{Heap before GC invocations=20 (full 2):
 PSYoungGen      total 23552K, used 23536K [0x00000000d5580000, 0x00000000d6f80000, 0x0000000100000000)
  eden space 21504K, 100% used [0x00000000d5580000,0x00000000d6a80000,0x00000000d6a80000)
  from space 2048K, 99% used [0x00000000d6a80000,0x00000000d6c7c008,0x00000000d6c80000)
  to   space 2560K, 0% used [0x00000000d6d00000,0x00000000d6d00000,0x00000000d6f80000)
 ParOldGen       total 68608K, used 22600K [0x0000000080000000, 0x0000000084300000, 0x00000000d5580000)
  object space 68608K, 32% used [0x0000000080000000,0x0000000081612210,0x0000000084300000)
 Metaspace       used 46745K, committed 47936K, reserved 1114112K
  class space    used 5085K, committed 5632K, reserved 1048576K
}
Event: 36.012 GC heap after
{Heap after GC invocations=20 (full 2):
 PSYoungGen      total 22528K, used 960K [0x00000000d5580000, 0x00000000d6e00000, 0x0000000100000000)
  eden space 21504K, 0% used [0x00000000d5580000,0x00000000d5580000,0x00000000d6a80000)
  from space 1024K, 93% used [0x00000000d6d00000,0x00000000d6df0000,0x00000000d6e00000)
  to   space 1536K, 0% used [0x00000000d6b00000,0x00000000d6b00000,0x00000000d6c80000)
 ParOldGen       total 68608K, used 24295K [0x0000000080000000, 0x0000000084300000, 0x00000000d5580000)
  object space 68608K, 35% used [0x0000000080000000,0x00000000817b9fa8,0x0000000084300000)
 Metaspace       used 46745K, committed 47936K, reserved 1114112K
  class space    used 5085K, committed 5632K, reserved 1048576K
}
Event: 37.708 GC heap before
{Heap before GC invocations=21 (full 2):
 PSYoungGen      total 22528K, used 22464K [0x00000000d5580000, 0x00000000d6e00000, 0x0000000100000000)
  eden space 21504K, 100% used [0x00000000d5580000,0x00000000d6a80000,0x00000000d6a80000)
  from space 1024K, 93% used [0x00000000d6d00000,0x00000000d6df0000,0x00000000d6e00000)
  to   space 1536K, 0% used [0x00000000d6b00000,0x00000000d6b00000,0x00000000d6c80000)
 ParOldGen       total 68608K, used 24295K [0x0000000080000000, 0x0000000084300000, 0x00000000d5580000)
  object space 68608K, 35% used [0x0000000080000000,0x00000000817b9fa8,0x0000000084300000)
 Metaspace       used 48649K, committed 49792K, reserved 1114112K
  class space    used 5395K, committed 5888K, reserved 1048576K
}
Event: 37.713 GC heap after
{Heap after GC invocations=21 (full 2):
 PSYoungGen      total 23040K, used 1527K [0x00000000d5580000, 0x00000000d7080000, 0x0000000100000000)
  eden space 21504K, 0% used [0x00000000d5580000,0x00000000d5580000,0x00000000d6a80000)
  from space 1536K, 99% used [0x00000000d6b00000,0x00000000d6c7dc90,0x00000000d6c80000)
  to   space 3072K, 0% used [0x00000000d6d80000,0x00000000d6d80000,0x00000000d7080000)
 ParOldGen       total 68608K, used 25103K [0x0000000080000000, 0x0000000084300000, 0x00000000d5580000)
  object space 68608K, 36% used [0x0000000080000000,0x0000000081883ea0,0x0000000084300000)
 Metaspace       used 48649K, committed 49792K, reserved 1114112K
  class space    used 5395K, committed 5888K, reserved 1048576K
}

