# JRE version: OpenJDK Runtime Environment Temurin-21.0.10+7 (21.0.10+7) (build 21.0.10+7-LTS)
# Java VM: OpenJDK 64-Bit Server VM Temurin-21.0.10+7 (21.0.10+7-LTS, mixed mode, sharing, tiered, compressed oops, compressed class ptrs, g1 gc, windows-amd64)
GC Precious Log:
 CardTable entry size: 512
 Card Set container configuration: InlinePtr #cards 5 size 8 Array Of Cards #cards 12 size 40 Howl #buckets 4 coarsen threshold 1843 Howl Bitmap #cards 512 size 80 coarsen threshold 460 Card regions per heap region 1 cards per card region 2048
 CPUs: 16 total, 16 available
 Memory: 8061M
 Large Page Support: Disabled
 NUMA Support: Disabled
 Compressed Oops: Enabled (32-bit)
 Heap Region Size: 1M
 Heap Min Capacity: 8M
 Heap Initial Capacity: 126M
 Heap Max Capacity: 2G
 Pre-touch: Disabled
 Parallel Workers: 13
 Concurrent Workers: 3
 Concurrent Refinement Workers: 13
 Periodic GC: Disabled
Heap:
 garbage-first heap   total 134144K, used 51689K [0x0000000080000000, 0x0000000100000000)
  region size 1024K, 1 young (1024K), 1 survivors (1024K)
 Metaspace       used 55801K, committed 57536K, reserved 1114112K
  class space    used 8050K, committed 8896K, reserved 1048576K
GC Heap History (20 events):
Event: 11.903 GC heap after
{Heap after GC invocations=9 (full 0):
 garbage-first heap   total 98304K, used 31992K [0x0000000080000000, 0x0000000100000000)
  region size 1024K, 4 young (4096K), 4 survivors (4096K)
 Metaspace       used 34975K, committed 35968K, reserved 1114112K
  class space    used 4905K, committed 5376K, reserved 1048576K
}
Event: 13.060 GC heap before
{Heap before GC invocations=10 (full 0):
 garbage-first heap   total 98304K, used 85240K [0x0000000080000000, 0x0000000100000000)
  region size 1024K, 56 young (57344K), 4 survivors (4096K)
 Metaspace       used 41030K, committed 42496K, reserved 1114112K
  class space    used 5949K, committed 6656K, reserved 1048576K
}
Event: 13.066 GC heap after
{Heap after GC invocations=11 (full 0):
 garbage-first heap   total 98304K, used 35260K [0x0000000080000000, 0x0000000100000000)
  region size 1024K, 7 young (7168K), 7 survivors (7168K)
 Metaspace       used 41030K, committed 42496K, reserved 1114112K
  class space    used 5949K, committed 6656K, reserved 1048576K
}
Event: 14.212 GC heap before
{Heap before GC invocations=11 (full 0):
 garbage-first heap   total 98304K, used 86460K [0x0000000080000000, 0x0000000100000000)
  region size 1024K, 57 young (58368K), 7 survivors (7168K)
 Metaspace       used 47626K, committed 49280K, reserved 1114112K
  class space    used 6903K, committed 7744K, reserved 1048576K
}
Event: 14.219 GC heap after
{Heap after GC invocations=12 (full 0):
 garbage-first heap   total 98304K, used 37090K [0x0000000080000000, 0x0000000100000000)
  region size 1024K, 6 young (6144K), 6 survivors (6144K)
 Metaspace       used 47626K, committed 49280K, reserved 1114112K
  class space    used 6903K, committed 7744K, reserved 1048576K
}
Event: 15.420 GC heap before
{Heap before GC invocations=12 (full 0):
 garbage-first heap   total 98304K, used 87266K [0x0000000080000000, 0x0000000100000000)
  region size 1024K, 55 young (56320K), 6 survivors (6144K)
 Metaspace       used 53891K, committed 55680K, reserved 1114112K
  class space    used 7872K, committed 8704K, reserved 1048576K
}
Event: 15.427 GC heap after
{Heap after GC invocations=13 (full 0):
 garbage-first heap   total 98304K, used 41576K [0x0000000080000000, 0x0000000100000000)
  region size 1024K, 7 young (7168K), 7 survivors (7168K)
 Metaspace       used 53891K, committed 55680K, reserved 1114112K
  class space    used 7872K, committed 8704K, reserved 1048576K
}
Event: 16.660 GC heap before
{Heap before GC invocations=13 (full 0):
 garbage-first heap   total 98304K, used 86632K [0x0000000080000000, 0x0000000100000000)
  region size 1024K, 52 young (53248K), 7 survivors (7168K)
 Metaspace       used 55273K, committed 57088K, reserved 1114112K
  class space    used 8024K, committed 8896K, reserved 1048576K
}
Event: 16.668 GC heap after
{Heap after GC invocations=14 (full 0):
 garbage-first heap   total 100352K, used 46059K [0x0000000080000000, 0x0000000100000000)
  region size 1024K, 7 young (7168K), 7 survivors (7168K)
 Metaspace       used 55273K, committed 57088K, reserved 1114112K
  class space    used 8024K, committed 8896K, reserved 1048576K
}
Event: 17.131 GC heap before
{Heap before GC invocations=14 (full 0):
 garbage-first heap   total 100352K, used 87019K [0x0000000080000000, 0x0000000100000000)
  region size 1024K, 48 young (49152K), 7 survivors (7168K)
 Metaspace       used 55766K, committed 57536K, reserved 1114112K
  class space    used 8050K, committed 8896K, reserved 1048576K
}
Event: 17.136 GC heap after
{Heap after GC invocations=15 (full 0):
 garbage-first heap   total 100352K, used 47314K [0x0000000080000000, 0x0000000100000000)
  region size 1024K, 4 young (4096K), 4 survivors (4096K)
 Metaspace       used 55766K, committed 57536K, reserved 1114112K
  class space    used 8050K, committed 8896K, reserved 1048576K
}
Event: 17.421 GC heap before
{Heap before GC invocations=15 (full 0):
 garbage-first heap   total 100352K, used 87250K [0x0000000080000000, 0x0000000100000000)
  region size 1024K, 44 young (45056K), 4 survivors (4096K)
 Metaspace       used 55793K, committed 57536K, reserved 1114112K
  class space    used 8050K, committed 8896K, reserved 1048576K
}
Event: 18.437 GC heap after
{Heap after GC invocations=16 (full 0):
 garbage-first heap   total 120832K, used 48210K [0x0000000080000000, 0x0000000100000000)
  region size 1024K, 4 young (4096K), 4 survivors (4096K)
 Metaspace       used 55793K, committed 57536K, reserved 1114112K
  class space    used 8050K, committed 8896K, reserved 1048576K
}
Event: 18.438 GC heap before
{Heap before GC invocations=16 (full 0):
 garbage-first heap   total 120832K, used 49234K [0x0000000080000000, 0x0000000100000000)
  region size 1024K, 5 young (5120K), 4 survivors (4096K)
 Metaspace       used 55799K, committed 57536K, reserved 1114112K
  class space    used 8050K, committed 8896K, reserved 1048576K
}
Event: 18.441 GC heap after
{Heap after GC invocations=17 (full 0):
 garbage-first heap   total 120832K, used 48597K [0x0000000080000000, 0x0000000100000000)
  region size 1024K, 1 young (1024K), 1 survivors (1024K)
 Metaspace       used 55799K, committed 57536K, reserved 1114112K
  class space    used 8050K, committed 8896K, reserved 1048576K
}
Event: 18.457 GC heap before
{Heap before GC invocations=17 (full 0):
 garbage-first heap   total 120832K, used 52693K [0x0000000080000000, 0x0000000100000000)
  region size 1024K, 5 young (5120K), 1 survivors (1024K)
 Metaspace       used 55801K, committed 57536K, reserved 1114112K
  class space    used 8050K, committed 8896K, reserved 1048576K
}
Event: 18.459 GC heap after
{Heap after GC invocations=18 (full 0):
 garbage-first heap   total 120832K, used 49691K [0x0000000080000000, 0x0000000100000000)
  region size 1024K, 1 young (1024K), 1 survivors (1024K)
 Metaspace       used 55801K, committed 57536K, reserved 1114112K
  class space    used 8050K, committed 8896K, reserved 1048576K
}
Event: 18.475 GC heap before
{Heap before GC invocations=18 (full 0):
 garbage-first heap   total 120832K, used 52763K [0x0000000080000000, 0x0000000100000000)
  region size 1024K, 5 young (5120K), 1 survivors (1024K)
 Metaspace       used 55801K, committed 57536K, reserved 1114112K
  class space    used 8050K, committed 8896K, reserved 1048576K
}
Event: 18.477 GC heap after
{Heap after GC invocations=19 (full 0):
 garbage-first heap   total 120832K, used 50586K [0x0000000080000000, 0x0000000100000000)
  region size 1024K, 1 young (1024K), 1 survivors (1024K)
 Metaspace       used 55801K, committed 57536K, reserved 1114112K
  class space    used 8050K, committed 8896K, reserved 1048576K
}
Event: 18.492 GC heap before
{Heap before GC invocations=19 (full 0):
 garbage-first heap   total 120832K, used 53658K [0x0000000080000000, 0x0000000100000000)
  region size 1024K, 5 young (5120K), 1 survivors (1024K)
 Metaspace       used 55801K, committed 57536K, reserved 1114112K
  class space    used 8050K, committed 8896K, reserved 1048576K
}

