# JRE version: OpenJDK Runtime Environment Temurin-21.0.10+7 (21.0.10+7) (build 21.0.10+7-LTS)
# Java VM: OpenJDK 64-Bit Server VM Temurin-21.0.10+7 (21.0.10+7-LTS, mixed mode, sharing, tiered, compressed oops, compressed class ptrs, g1 gc, windows-amd64)
GC Precious Log:
 CardTable entry size: 512
 Card Set container configuration: InlinePtr #cards 5 size 8 Array Of Cards #cards 12 size 40 Howl #buckets 4 coarsen threshold 1843 Howl Bitmap #cards 512 size 80 coarsen threshold 460 Card regions per heap region 1 cards per card region 2048
 CPUs: 16 total, 16 available
 Memory: 8061M
 Large Page Support: Disabled
 NUMA Support: Disabled
 Compressed Oops: Enabled (32-bit)
 Heap Region Size: 1M
 Heap Min Capacity: 8M
 Heap Initial Capacity: 126M
 Heap Max Capacity: 2G
 Pre-touch: Disabled
 Parallel Workers: 13
 Concurrent Workers: 3
 Concurrent Refinement Workers: 13
 Periodic GC: Disabled
Heap:
 garbage-first heap   total 128000K, used 81842K [0x0000000080000000, 0x0000000100000000)
  region size 1024K, 9 young (9216K), 4 survivors (4096K)
 Metaspace       used 99902K, committed 102208K, reserved 1179648K
  class space    used 13824K, committed 14976K, reserved 1048576K
GC Heap History (20 events):
Event: 41.927 GC heap before
{Heap before GC invocations=15 (full 0):
 garbage-first heap   total 99328K, used 86357K [0x0000000080000000, 0x0000000100000000)
  region size 1024K, 45 young (46080K), 4 survivors (4096K)
 Metaspace       used 64538K, committed 66304K, reserved 1114112K
  class space    used 9169K, committed 10048K, reserved 1048576K
}
Event: 41.933 GC heap after
{Heap after GC invocations=16 (full 0):
 garbage-first heap   total 99328K, used 45695K [0x0000000080000000, 0x0000000100000000)
  region size 1024K, 2 young (2048K), 2 survivors (2048K)
 Metaspace       used 64538K, committed 66304K, reserved 1114112K
  class space    used 9169K, committed 10048K, reserved 1048576K
}
Event: 46.153 GC heap before
{Heap before GC invocations=16 (full 0):
 garbage-first heap   total 99328K, used 87679K [0x0000000080000000, 0x0000000100000000)
  region size 1024K, 43 young (44032K), 2 survivors (2048K)
 Metaspace       used 71517K, committed 73280K, reserved 1114112K
  class space    used 10473K, committed 11328K, reserved 1048576K
}
Event: 46.158 GC heap after
{Heap after GC invocations=17 (full 0):
 garbage-first heap   total 99328K, used 46809K [0x0000000080000000, 0x0000000100000000)
  region size 1024K, 3 young (3072K), 3 survivors (3072K)
 Metaspace       used 71517K, committed 73280K, reserved 1114112K
  class space    used 10473K, committed 11328K, reserved 1048576K
}
Event: 52.794 GC heap before
{Heap before GC invocations=17 (full 0):
 garbage-first heap   total 99328K, used 89817K [0x0000000080000000, 0x0000000100000000)
  region size 1024K, 45 young (46080K), 3 survivors (3072K)
 Metaspace       used 77618K, committed 79424K, reserved 1179648K
  class space    used 11213K, committed 12096K, reserved 1048576K
}
Event: 52.816 GC heap after
{Heap after GC invocations=18 (full 0):
 garbage-first heap   total 99328K, used 47777K [0x0000000080000000, 0x0000000100000000)
  region size 1024K, 4 young (4096K), 4 survivors (4096K)
 Metaspace       used 77618K, committed 79424K, reserved 1179648K
  class space    used 11213K, committed 12096K, reserved 1048576K
}
Event: 54.158 GC heap before
{Heap before GC invocations=18 (full 0):
 garbage-first heap   total 99328K, used 53921K [0x0000000080000000, 0x0000000100000000)
  region size 1024K, 11 young (11264K), 4 survivors (4096K)
 Metaspace       used 78294K, committed 80256K, reserved 1179648K
  class space    used 11302K, committed 12288K, reserved 1048576K
}
Event: 54.176 GC heap after
{Heap after GC invocations=19 (full 0):
 garbage-first heap   total 99328K, used 48182K [0x0000000080000000, 0x0000000100000000)
  region size 1024K, 3 young (3072K), 3 survivors (3072K)
 Metaspace       used 78294K, committed 80256K, reserved 1179648K
  class space    used 11302K, committed 12288K, reserved 1048576K
}
Event: 56.614 GC heap before
{Heap before GC invocations=20 (full 0):
 garbage-first heap   total 99328K, used 98358K [0x0000000080000000, 0x0000000100000000)
  region size 1024K, 44 young (45056K), 3 survivors (3072K)
 Metaspace       used 78799K, committed 80704K, reserved 1179648K
  class space    used 11347K, committed 12288K, reserved 1048576K
}
Event: 56.639 GC heap after
{Heap after GC invocations=21 (full 0):
 garbage-first heap   total 114688K, used 61691K [0x0000000080000000, 0x0000000100000000)
  region size 1024K, 6 young (6144K), 6 survivors (6144K)
 Metaspace       used 78799K, committed 80704K, reserved 1179648K
  class space    used 11347K, committed 12288K, reserved 1048576K
}
Event: 60.612 GC heap before
{Heap before GC invocations=21 (full 0):
 garbage-first heap   total 114688K, used 104699K [0x0000000080000000, 0x0000000100000000)
  region size 1024K, 41 young (41984K), 6 survivors (6144K)
 Metaspace       used 83265K, committed 85184K, reserved 1179648K
  class space    used 11850K, committed 12800K, reserved 1048576K
}
Event: 60.624 GC heap after
{Heap after GC invocations=22 (full 0):
 garbage-first heap   total 115712K, used 72704K [0x0000000080000000, 0x0000000100000000)
  region size 1024K, 3 young (3072K), 3 survivors (3072K)
 Metaspace       used 83265K, committed 85184K, reserved 1179648K
  class space    used 11850K, committed 12800K, reserved 1048576K
}
Event: 62.921 GC heap before
{Heap before GC invocations=22 (full 0):
 garbage-first heap   total 115712K, used 103424K [0x0000000080000000, 0x0000000100000000)
  region size 1024K, 33 young (33792K), 3 survivors (3072K)
 Metaspace       used 86582K, committed 88512K, reserved 1179648K
  class space    used 12162K, committed 13120K, reserved 1048576K
}
Event: 62.927 GC heap after
{Heap after GC invocations=23 (full 0):
 garbage-first heap   total 115712K, used 74933K [0x0000000080000000, 0x0000000100000000)
  region size 1024K, 5 young (5120K), 5 survivors (5120K)
 Metaspace       used 86582K, committed 88512K, reserved 1179648K
  class space    used 12162K, committed 13120K, reserved 1048576K
}
Event: 65.892 GC heap before
{Heap before GC invocations=24 (full 0):
 garbage-first heap   total 124928K, used 102581K [0x0000000080000000, 0x0000000100000000)
  region size 1024K, 33 young (33792K), 5 survivors (5120K)
 Metaspace       used 89953K, committed 92160K, reserved 1179648K
  class space    used 12551K, committed 13632K, reserved 1048576K
}
Event: 65.897 GC heap after
{Heap after GC invocations=25 (full 0):
 garbage-first heap   total 124928K, used 75441K [0x0000000080000000, 0x0000000100000000)
  region size 1024K, 4 young (4096K), 4 survivors (4096K)
 Metaspace       used 89953K, committed 92160K, reserved 1179648K
  class space    used 12551K, committed 13632K, reserved 1048576K
}
Event: 69.232 GC heap before
{Heap before GC invocations=25 (full 0):
 garbage-first heap   total 124928K, used 112305K [0x0000000080000000, 0x0000000100000000)
  region size 1024K, 40 young (40960K), 4 survivors (4096K)
 Metaspace       used 94622K, committed 96896K, reserved 1179648K
  class space    used 13148K, committed 14272K, reserved 1048576K
}
Event: 69.238 GC heap after
{Heap after GC invocations=26 (full 0):
 garbage-first heap   total 124928K, used 76277K [0x0000000080000000, 0x0000000100000000)
  region size 1024K, 4 young (4096K), 4 survivors (4096K)
 Metaspace       used 94622K, committed 96896K, reserved 1179648K
  class space    used 13148K, committed 14272K, reserved 1048576K
}
Event: 70.300 GC heap before
{Heap before GC invocations=26 (full 0):
 garbage-first heap   total 124928K, used 113141K [0x0000000080000000, 0x0000000100000000)
  region size 1024K, 40 young (40960K), 4 survivors (4096K)
 Metaspace       used 99805K, committed 102144K, reserved 1179648K
  class space    used 13823K, committed 14976K, reserved 1048576K
}
Event: 70.305 GC heap after
{Heap after GC invocations=27 (full 0):
 garbage-first heap   total 124928K, used 77746K [0x0000000080000000, 0x0000000100000000)
  region size 1024K, 4 young (4096K), 4 survivors (4096K)
 Metaspace       used 99805K, committed 102144K, reserved 1179648K
  class space    used 13823K, committed 14976K, reserved 1048576K
}

