# JRE version: OpenJDK Runtime Environment (21.0.8) (build 21.0.8+-14018985-b1038.68)
# Java VM: OpenJDK 64-Bit Server VM (21.0.8+-14018985-b1038.68, mixed mode, tiered, compressed oops, compressed class ptrs, g1 gc, windows-amd64)
GC Precious Log:
 CardTable entry size: 512
 Card Set container configuration: InlinePtr #cards 5 size 8 Array Of Cards #cards 12 size 40 Howl #buckets 4 coarsen threshold 1843 Howl Bitmap #cards 512 size 80 coarsen threshold 460 Card regions per heap region 1 cards per card region 2048
 CPUs: 16 total, 16 available
 Memory: 8061M
 Large Page Support: Disabled
 NUMA Support: Disabled
 Compressed Oops: Enabled (32-bit)
 Heap Region Size: 1M
 Heap Min Capacity: 8M
 Heap Initial Capacity: 126M
 Heap Max Capacity: 2G
 Pre-touch: Disabled
 Parallel Workers: 13
 Concurrent Workers: 3
 Concurrent Refinement Workers: 13
 Periodic GC: Disabled
Heap:
 garbage-first heap   total 71680K, used 57952K [0x0000000080000000, 0x0000000100000000)
  region size 1024K, 34 young (34816K), 2 survivors (2048K)
 Metaspace       used 41791K, committed 42624K, reserved 1114112K
  class space    used 5766K, committed 6144K, reserved 1048576K
GC Heap History (14 events):
Event: 1.151 GC heap before
{Heap before GC invocations=0 (full 0):
 garbage-first heap   total 129024K, used 22528K [0x0000000080000000, 0x0000000100000000)
  region size 1024K, 23 young (23552K), 0 survivors (0K)
 Metaspace       used 8140K, committed 8320K, reserved 1114112K
  class space    used 749K, committed 832K, reserved 1048576K
}
Event: 1.156 GC heap after
{Heap after GC invocations=1 (full 0):
 garbage-first heap   total 129024K, used 2463K [0x0000000080000000, 0x0000000100000000)
  region size 1024K, 3 young (3072K), 3 survivors (3072K)
 Metaspace       used 8140K, committed 8320K, reserved 1114112K
  class space    used 749K, committed 832K, reserved 1048576K
}
Event: 2.683 GC heap before
{Heap before GC invocations=1 (full 0):
 garbage-first heap   total 129024K, used 41375K [0x0000000080000000, 0x0000000100000000)
  region size 1024K, 39 young (39936K), 3 survivors (3072K)
 Metaspace       used 12381K, committed 12544K, reserved 1114112K
  class space    used 1348K, committed 1408K, reserved 1048576K
}
Event: 2.695 GC heap after
{Heap after GC invocations=2 (full 0):
 garbage-first heap   total 129024K, used 10659K [0x0000000080000000, 0x0000000100000000)
  region size 1024K, 5 young (5120K), 5 survivors (5120K)
 Metaspace       used 12381K, committed 12544K, reserved 1114112K
  class space    used 1348K, committed 1408K, reserved 1048576K
}
Event: 4.245 GC heap before
{Heap before GC invocations=2 (full 0):
 garbage-first heap   total 129024K, used 60835K [0x0000000080000000, 0x0000000100000000)
  region size 1024K, 52 young (53248K), 5 survivors (5120K)
 Metaspace       used 14717K, committed 14912K, reserved 1114112K
  class space    used 1661K, committed 1728K, reserved 1048576K
}
Event: 4.257 GC heap after
{Heap after GC invocations=3 (full 0):
 garbage-first heap   total 129024K, used 18185K [0x0000000080000000, 0x0000000100000000)
  region size 1024K, 6 young (6144K), 6 survivors (6144K)
 Metaspace       used 14717K, committed 14912K, reserved 1114112K
  class space    used 1661K, committed 1728K, reserved 1048576K
}
Event: 5.062 GC heap before
{Heap before GC invocations=3 (full 0):
 garbage-first heap   total 129024K, used 40713K [0x0000000080000000, 0x0000000100000000)
  region size 1024K, 29 young (29696K), 6 survivors (6144K)
 Metaspace       used 21283K, committed 21504K, reserved 1114112K
  class space    used 2522K, committed 2624K, reserved 1048576K
}
Event: 5.068 GC heap after
{Heap after GC invocations=4 (full 0):
 garbage-first heap   total 129024K, used 20410K [0x0000000080000000, 0x0000000100000000)
  region size 1024K, 3 young (3072K), 3 survivors (3072K)
 Metaspace       used 21283K, committed 21504K, reserved 1114112K
  class space    used 2522K, committed 2624K, reserved 1048576K
}
Event: 6.306 GC heap before
{Heap before GC invocations=5 (full 0):
 garbage-first heap   total 71680K, used 60346K [0x0000000080000000, 0x0000000100000000)
  region size 1024K, 42 young (43008K), 3 survivors (3072K)
 Metaspace       used 28022K, committed 28544K, reserved 1114112K
  class space    used 3606K, committed 3840K, reserved 1048576K
}
Event: 6.311 GC heap after
{Heap after GC invocations=6 (full 0):
 garbage-first heap   total 71680K, used 22322K [0x0000000080000000, 0x0000000100000000)
  region size 1024K, 5 young (5120K), 5 survivors (5120K)
 Metaspace       used 28022K, committed 28544K, reserved 1114112K
  class space    used 3606K, committed 3840K, reserved 1048576K
}
Event: 7.316 GC heap before
{Heap before GC invocations=6 (full 0):
 garbage-first heap   total 71680K, used 56114K [0x0000000080000000, 0x0000000100000000)
  region size 1024K, 39 young (39936K), 5 survivors (5120K)
 Metaspace       used 32572K, committed 33216K, reserved 1114112K
  class space    used 4406K, committed 4672K, reserved 1048576K
}
Event: 7.321 GC heap after
{Heap after GC invocations=7 (full 0):
 garbage-first heap   total 71680K, used 24799K [0x0000000080000000, 0x0000000100000000)
  region size 1024K, 5 young (5120K), 5 survivors (5120K)
 Metaspace       used 32572K, committed 33216K, reserved 1114112K
  class space    used 4406K, committed 4672K, reserved 1048576K
}
Event: 7.676 GC heap before
{Heap before GC invocations=7 (full 0):
 garbage-first heap   total 71680K, used 42207K [0x0000000080000000, 0x0000000100000000)
  region size 1024K, 23 young (23552K), 5 survivors (5120K)
 Metaspace       used 35178K, committed 35968K, reserved 1114112K
  class space    used 4849K, committed 5248K, reserved 1048576K
}
Event: 7.681 GC heap after
{Heap after GC invocations=8 (full 0):
 garbage-first heap   total 71680K, used 26208K [0x0000000080000000, 0x0000000100000000)
  region size 1024K, 2 young (2048K), 2 survivors (2048K)
 Metaspace       used 35178K, committed 35968K, reserved 1114112K
  class space    used 4849K, committed 5248K, reserved 1048576K
}

