# JRE version: OpenJDK Runtime Environment (21.0.8) (build 21.0.8+-14018985-b1038.68)
# Java VM: OpenJDK 64-Bit Server VM (21.0.8+-14018985-b1038.68, mixed mode, tiered, compressed oops, compressed class ptrs, g1 gc, windows-amd64)
GC Precious Log:
 CardTable entry size: 512
 Card Set container configuration: InlinePtr #cards 5 size 8 Array Of Cards #cards 12 size 40 Howl #buckets 4 coarsen threshold 1843 Howl Bitmap #cards 512 size 80 coarsen threshold 460 Card regions per heap region 1 cards per card region 2048
 CPUs: 16 total, 16 available
 Memory: 8061M
 Large Page Support: Disabled
 NUMA Support: Disabled
 Compressed Oops: Enabled (32-bit)
 Heap Region Size: 1M
 Heap Min Capacity: 8M
 Heap Initial Capacity: 126M
 Heap Max Capacity: 2G
 Pre-touch: Disabled
 Parallel Workers: 13
 Concurrent Workers: 3
 Concurrent Refinement Workers: 13
 Periodic GC: Disabled
Heap:
 garbage-first heap   total 307200K, used 248277K [0x0000000080000000, 0x0000000100000000)
  region size 1024K, 77 young (78848K), 8 survivors (8192K)
 Metaspace       used 157004K, committed 159616K, reserved 1245184K
  class space    used 23056K, committed 24320K, reserved 1048576K
GC Heap History (20 events):
Event: 26.391 GC heap before
{Heap before GC invocations=46 (full 0):
 garbage-first heap   total 199680K, used 180579K [0x0000000080000000, 0x0000000100000000)
  region size 1024K, 62 young (63488K), 6 survivors (6144K)
 Metaspace       used 118437K, committed 120704K, reserved 1179648K
  class space    used 16747K, committed 17856K, reserved 1048576K
}
Event: 26.396 GC heap after
{Heap after GC invocations=47 (full 0):
 garbage-first heap   total 199680K, used 126491K [0x0000000080000000, 0x0000000100000000)
  region size 1024K, 5 young (5120K), 5 survivors (5120K)
 Metaspace       used 118437K, committed 120704K, reserved 1179648K
  class space    used 16747K, committed 17856K, reserved 1048576K
}
Event: 27.402 GC heap before
{Heap before GC invocations=48 (full 0):
 garbage-first heap   total 214016K, used 180763K [0x0000000080000000, 0x0000000100000000)
  region size 1024K, 59 young (60416K), 5 survivors (5120K)
 Metaspace       used 120791K, committed 123072K, reserved 1179648K
  class space    used 17057K, committed 18176K, reserved 1048576K
}
Event: 27.409 GC heap after
{Heap after GC invocations=49 (full 0):
 garbage-first heap   total 214016K, used 129696K [0x0000000080000000, 0x0000000100000000)
  region size 1024K, 8 young (8192K), 8 survivors (8192K)
 Metaspace       used 120791K, committed 123072K, reserved 1179648K
  class space    used 17057K, committed 18176K, reserved 1048576K
}
Event: 27.858 GC heap before
{Heap before GC invocations=49 (full 0):
 garbage-first heap   total 214016K, used 192160K [0x0000000080000000, 0x0000000100000000)
  region size 1024K, 70 young (71680K), 8 survivors (8192K)
 Metaspace       used 122538K, committed 124864K, reserved 1179648K
  class space    used 17270K, committed 18368K, reserved 1048576K
}
Event: 27.867 GC heap after
{Heap after GC invocations=50 (full 0):
 garbage-first heap   total 214016K, used 131129K [0x0000000080000000, 0x0000000100000000)
  region size 1024K, 6 young (6144K), 6 survivors (6144K)
 Metaspace       used 122538K, committed 124864K, reserved 1179648K
  class space    used 17270K, committed 18368K, reserved 1048576K
}
Event: 49.611 GC heap before
{Heap before GC invocations=50 (full 0):
 garbage-first heap   total 214016K, used 173113K [0x0000000080000000, 0x0000000100000000)
  region size 1024K, 49 young (50176K), 6 survivors (6144K)
 Metaspace       used 123900K, committed 126272K, reserved 1179648K
  class space    used 17513K, committed 18688K, reserved 1048576K
}
Event: 49.621 GC heap after
{Heap after GC invocations=51 (full 0):
 garbage-first heap   total 214016K, used 133764K [0x0000000080000000, 0x0000000100000000)
  region size 1024K, 5 young (5120K), 5 survivors (5120K)
 Metaspace       used 123900K, committed 126272K, reserved 1179648K
  class space    used 17513K, committed 18688K, reserved 1048576K
}
Event: 50.539 GC heap before
{Heap before GC invocations=52 (full 0):
 garbage-first heap   total 232448K, used 202372K [0x0000000080000000, 0x0000000100000000)
  region size 1024K, 66 young (67584K), 5 survivors (5120K)
 Metaspace       used 128056K, committed 130368K, reserved 1179648K
  class space    used 17996K, committed 19136K, reserved 1048576K
}
Event: 50.547 GC heap after
{Heap after GC invocations=53 (full 0):
 garbage-first heap   total 232448K, used 137902K [0x0000000080000000, 0x0000000100000000)
  region size 1024K, 9 young (9216K), 9 survivors (9216K)
 Metaspace       used 128056K, committed 130368K, reserved 1179648K
  class space    used 17996K, committed 19136K, reserved 1048576K
}
Event: 51.239 GC heap before
{Heap before GC invocations=53 (full 0):
 garbage-first heap   total 232448K, used 209582K [0x0000000080000000, 0x0000000100000000)
  region size 1024K, 80 young (81920K), 9 survivors (9216K)
 Metaspace       used 131642K, committed 133952K, reserved 1179648K
  class space    used 18663K, committed 19776K, reserved 1048576K
}
Event: 51.254 GC heap after
{Heap after GC invocations=54 (full 0):
 garbage-first heap   total 232448K, used 144390K [0x0000000080000000, 0x0000000100000000)
  region size 1024K, 8 young (8192K), 8 survivors (8192K)
 Metaspace       used 131642K, committed 133952K, reserved 1179648K
  class space    used 18663K, committed 19776K, reserved 1048576K
}
Event: 51.321 GC heap before
{Heap before GC invocations=54 (full 0):
 garbage-first heap   total 232448K, used 163846K [0x0000000080000000, 0x0000000100000000)
  region size 1024K, 28 young (28672K), 8 survivors (8192K)
 Metaspace       used 132213K, committed 134656K, reserved 1179648K
  class space    used 18743K, committed 19904K, reserved 1048576K
}
Event: 51.328 GC heap after
{Heap after GC invocations=55 (full 0):
 garbage-first heap   total 307200K, used 145614K [0x0000000080000000, 0x0000000100000000)
  region size 1024K, 2 young (2048K), 2 survivors (2048K)
 Metaspace       used 132213K, committed 134656K, reserved 1179648K
  class space    used 18743K, committed 19904K, reserved 1048576K
}
Event: 52.948 GC heap before
{Heap before GC invocations=55 (full 0):
 garbage-first heap   total 307200K, used 268494K [0x0000000080000000, 0x0000000100000000)
  region size 1024K, 121 young (123904K), 2 survivors (2048K)
 Metaspace       used 143813K, committed 146176K, reserved 1179648K
  class space    used 20937K, committed 22080K, reserved 1048576K
}
Event: 52.960 GC heap after
{Heap after GC invocations=56 (full 0):
 garbage-first heap   total 307200K, used 155627K [0x0000000080000000, 0x0000000100000000)
  region size 1024K, 12 young (12288K), 12 survivors (12288K)
 Metaspace       used 143813K, committed 146176K, reserved 1179648K
  class space    used 20937K, committed 22080K, reserved 1048576K
}
Event: 53.755 GC heap before
{Heap before GC invocations=56 (full 0):
 garbage-first heap   total 307200K, used 271339K [0x0000000080000000, 0x0000000100000000)
  region size 1024K, 126 young (129024K), 12 survivors (12288K)
 Metaspace       used 151055K, committed 153536K, reserved 1179648K
  class space    used 22213K, committed 23424K, reserved 1048576K
}
Event: 53.768 GC heap after
{Heap after GC invocations=57 (full 0):
 garbage-first heap   total 307200K, used 157549K [0x0000000080000000, 0x0000000100000000)
  region size 1024K, 4 young (4096K), 4 survivors (4096K)
 Metaspace       used 151055K, committed 153536K, reserved 1179648K
  class space    used 22213K, committed 23424K, reserved 1048576K
}
Event: 58.217 GC heap before
{Heap before GC invocations=58 (full 0):
 garbage-first heap   total 307200K, used 280429K [0x0000000080000000, 0x0000000100000000)
  region size 1024K, 124 young (126976K), 4 survivors (4096K)
 Metaspace       used 153417K, committed 155904K, reserved 1245184K
  class space    used 22547K, committed 23744K, reserved 1048576K
}
Event: 58.227 GC heap after
{Heap after GC invocations=59 (full 0):
 garbage-first heap   total 307200K, used 161237K [0x0000000080000000, 0x0000000100000000)
  region size 1024K, 8 young (8192K), 8 survivors (8192K)
 Metaspace       used 153417K, committed 155904K, reserved 1245184K
  class space    used 22547K, committed 23744K, reserved 1048576K
}

