# JRE version: OpenJDK Runtime Environment (21.0.8) (build 21.0.8+-14018985-b1038.68)
# Java VM: OpenJDK 64-Bit Server VM (21.0.8+-14018985-b1038.68, mixed mode, tiered, compressed oops, compressed class ptrs, g1 gc, windows-amd64)
GC Precious Log:
 CardTable entry size: 512
 Card Set container configuration: InlinePtr #cards 5 size 8 Array Of Cards #cards 12 size 40 Howl #buckets 4 coarsen threshold 1843 Howl Bitmap #cards 512 size 80 coarsen threshold 460 Card regions per heap region 1 cards per card region 2048
 CPUs: 16 total, 16 available
 Memory: 8061M
 Large Page Support: Disabled
 NUMA Support: Disabled
 Compressed Oops: Enabled (32-bit)
 Heap Region Size: 1M
 Heap Min Capacity: 8M
 Heap Initial Capacity: 126M
 Heap Max Capacity: 2G
 Pre-touch: Disabled
 Parallel Workers: 13
 Concurrent Workers: 3
 Concurrent Refinement Workers: 13
 Periodic GC: Disabled
Heap:
 garbage-first heap   total 162816K, used 98719K [0x0000000080000000, 0x0000000100000000)
  region size 1024K, 3 young (3072K), 3 survivors (3072K)
 Metaspace       used 99208K, committed 101248K, reserved 1179648K
  class space    used 13744K, committed 14720K, reserved 1048576K
GC Heap History (20 events):
Event: 13.071 GC heap after
{Heap after GC invocations=28 (full 0):
 garbage-first heap   total 113664K, used 63252K [0x0000000080000000, 0x0000000100000000)
  region size 1024K, 3 young (3072K), 3 survivors (3072K)
 Metaspace       used 73593K, committed 75264K, reserved 1114112K
  class space    used 10287K, committed 11072K, reserved 1048576K
}
Event: 13.937 GC heap before
{Heap before GC invocations=29 (full 0):
 garbage-first heap   total 114688K, used 107284K [0x0000000080000000, 0x0000000100000000)
  region size 1024K, 39 young (39936K), 3 survivors (3072K)
 Metaspace       used 75951K, committed 77696K, reserved 1179648K
  class space    used 10576K, committed 11392K, reserved 1048576K
}
Event: 13.941 GC heap after
{Heap after GC invocations=30 (full 0):
 garbage-first heap   total 117760K, used 76734K [0x0000000080000000, 0x0000000100000000)
  region size 1024K, 5 young (5120K), 5 survivors (5120K)
 Metaspace       used 75951K, committed 77696K, reserved 1179648K
  class space    used 10576K, committed 11392K, reserved 1048576K
}
Event: 14.365 GC heap before
{Heap before GC invocations=30 (full 0):
 garbage-first heap   total 117760K, used 104382K [0x0000000080000000, 0x0000000100000000)
  region size 1024K, 33 young (33792K), 5 survivors (5120K)
 Metaspace       used 78782K, committed 80576K, reserved 1179648K
  class space    used 10894K, committed 11712K, reserved 1048576K
}
Event: 14.369 GC heap after
{Heap after GC invocations=31 (full 0):
 garbage-first heap   total 117760K, used 76586K [0x0000000080000000, 0x0000000100000000)
  region size 1024K, 1 young (1024K), 1 survivors (1024K)
 Metaspace       used 78782K, committed 80576K, reserved 1179648K
  class space    used 10894K, committed 11712K, reserved 1048576K
}
Event: 14.962 GC heap before
{Heap before GC invocations=31 (full 0):
 garbage-first heap   total 117760K, used 107306K [0x0000000080000000, 0x0000000100000000)
  region size 1024K, 31 young (31744K), 1 survivors (1024K)
 Metaspace       used 82122K, committed 84032K, reserved 1179648K
  class space    used 11415K, committed 12288K, reserved 1048576K
}
Event: 14.966 GC heap after
{Heap after GC invocations=32 (full 0):
 garbage-first heap   total 117760K, used 77760K [0x0000000080000000, 0x0000000100000000)
  region size 1024K, 2 young (2048K), 2 survivors (2048K)
 Metaspace       used 82122K, committed 84032K, reserved 1179648K
  class space    used 11415K, committed 12288K, reserved 1048576K
}
Event: 15.437 GC heap before
{Heap before GC invocations=33 (full 0):
 garbage-first heap   total 130048K, used 113600K [0x0000000080000000, 0x0000000100000000)
  region size 1024K, 32 young (32768K), 2 survivors (2048K)
 Metaspace       used 84332K, committed 86208K, reserved 1179648K
  class space    used 11722K, committed 12608K, reserved 1048576K
}
Event: 15.442 GC heap after
{Heap after GC invocations=34 (full 0):
 garbage-first heap   total 130048K, used 82871K [0x0000000080000000, 0x0000000100000000)
  region size 1024K, 4 young (4096K), 4 survivors (4096K)
 Metaspace       used 84332K, committed 86208K, reserved 1179648K
  class space    used 11722K, committed 12608K, reserved 1048576K
}
Event: 16.046 GC heap before
{Heap before GC invocations=34 (full 0):
 garbage-first heap   total 130048K, used 116663K [0x0000000080000000, 0x0000000100000000)
  region size 1024K, 38 young (38912K), 4 survivors (4096K)
 Metaspace       used 87112K, committed 88960K, reserved 1179648K
  class space    used 12075K, committed 12928K, reserved 1048576K
}
Event: 16.052 GC heap after
{Heap after GC invocations=35 (full 0):
 garbage-first heap   total 130048K, used 84717K [0x0000000080000000, 0x0000000100000000)
  region size 1024K, 5 young (5120K), 5 survivors (5120K)
 Metaspace       used 87112K, committed 88960K, reserved 1179648K
  class space    used 12075K, committed 12928K, reserved 1048576K
}
Event: 16.648 GC heap before
{Heap before GC invocations=35 (full 0):
 garbage-first heap   total 130048K, used 115437K [0x0000000080000000, 0x0000000100000000)
  region size 1024K, 36 young (36864K), 5 survivors (5120K)
 Metaspace       used 90722K, committed 92736K, reserved 1179648K
  class space    used 12533K, committed 13504K, reserved 1048576K
}
Event: 16.653 GC heap after
{Heap after GC invocations=36 (full 0):
 garbage-first heap   total 130048K, used 86661K [0x0000000080000000, 0x0000000100000000)
  region size 1024K, 4 young (4096K), 4 survivors (4096K)
 Metaspace       used 90722K, committed 92736K, reserved 1179648K
  class space    used 12533K, committed 13504K, reserved 1048576K
}
Event: 18.271 GC heap before
{Heap before GC invocations=37 (full 0):
 garbage-first heap   total 145408K, used 120453K [0x0000000080000000, 0x0000000100000000)
  region size 1024K, 34 young (34816K), 4 survivors (4096K)
 Metaspace       used 93283K, committed 95232K, reserved 1179648K
  class space    used 12891K, committed 13824K, reserved 1048576K
}
Event: 18.275 GC heap after
{Heap after GC invocations=38 (full 0):
 garbage-first heap   total 145408K, used 91119K [0x0000000080000000, 0x0000000100000000)
  region size 1024K, 4 young (4096K), 4 survivors (4096K)
 Metaspace       used 93283K, committed 95232K, reserved 1179648K
  class space    used 12891K, committed 13824K, reserved 1048576K
}
Event: 19.096 GC heap before
{Heap before GC invocations=38 (full 0):
 garbage-first heap   total 145408K, used 132079K [0x0000000080000000, 0x0000000100000000)
  region size 1024K, 44 young (45056K), 4 survivors (4096K)
 Metaspace       used 95603K, committed 97536K, reserved 1179648K
  class space    used 13246K, committed 14144K, reserved 1048576K
}
Event: 19.102 GC heap after
{Heap after GC invocations=39 (full 0):
 garbage-first heap   total 145408K, used 94908K [0x0000000080000000, 0x0000000100000000)
  region size 1024K, 6 young (6144K), 6 survivors (6144K)
 Metaspace       used 95603K, committed 97536K, reserved 1179648K
  class space    used 13246K, committed 14144K, reserved 1048576K
}
Event: 19.656 GC heap before
{Heap before GC invocations=39 (full 0):
 garbage-first heap   total 145408K, used 129724K [0x0000000080000000, 0x0000000100000000)
  region size 1024K, 41 young (41984K), 6 survivors (6144K)
 Metaspace       used 96665K, committed 98624K, reserved 1179648K
  class space    used 13381K, committed 14336K, reserved 1048576K
}
Event: 19.661 GC heap after
{Heap after GC invocations=40 (full 0):
 garbage-first heap   total 145408K, used 96064K [0x0000000080000000, 0x0000000100000000)
  region size 1024K, 4 young (4096K), 4 survivors (4096K)
 Metaspace       used 96665K, committed 98624K, reserved 1179648K
  class space    used 13381K, committed 14336K, reserved 1048576K
}
Event: 20.245 GC heap before
{Heap before GC invocations=41 (full 0):
 garbage-first heap   total 162816K, used 130880K [0x0000000080000000, 0x0000000100000000)
  region size 1024K, 38 young (38912K), 4 survivors (4096K)
 Metaspace       used 99208K, committed 101248K, reserved 1179648K
  class space    used 13744K, committed 14720K, reserved 1048576K
}

