# JRE version: OpenJDK Runtime Environment (21.0.8) (build 21.0.8+-14018985-b1038.68)
# Java VM: OpenJDK 64-Bit Server VM (21.0.8+-14018985-b1038.68, mixed mode, tiered, compressed oops, compressed class ptrs, g1 gc, windows-amd64)
GC Precious Log:
 CardTable entry size: 512
 Card Set container configuration: InlinePtr #cards 5 size 8 Array Of Cards #cards 12 size 40 Howl #buckets 4 coarsen threshold 1843 Howl Bitmap #cards 512 size 80 coarsen threshold 460 Card regions per heap region 1 cards per card region 2048
 CPUs: 16 total, 16 available
 Memory: 8061M
 Large Page Support: Disabled
 NUMA Support: Disabled
 Compressed Oops: Enabled (32-bit)
 Heap Region Size: 1M
 Heap Min Capacity: 8M
 Heap Initial Capacity: 126M
 Heap Max Capacity: 2G
 Pre-touch: Disabled
 Parallel Workers: 13
 Concurrent Workers: 3
 Concurrent Refinement Workers: 13
 Periodic GC: Disabled
Heap:
 garbage-first heap   total 106496K, used 59552K [0x0000000080000000, 0x0000000100000000)
  region size 1024K, 20 young (20480K), 5 survivors (5120K)
 Metaspace       used 67568K, committed 69184K, reserved 1114112K
  class space    used 9493K, committed 10304K, reserved 1048576K
GC Heap History (20 events):
Event: 3.533 GC heap before
{Heap before GC invocations=3 (full 0):
 garbage-first heap   total 129024K, used 40558K [0x0000000080000000, 0x0000000100000000)
  region size 1024K, 29 young (29696K), 5 survivors (5120K)
 Metaspace       used 21281K, committed 21504K, reserved 1114112K
  class space    used 2521K, committed 2624K, reserved 1048576K
}
Event: 3.538 GC heap after
{Heap after GC invocations=4 (full 0):
 garbage-first heap   total 129024K, used 20217K [0x0000000080000000, 0x0000000100000000)
  region size 1024K, 9 young (9216K), 9 survivors (9216K)
 Metaspace       used 21281K, committed 21504K, reserved 1114112K
  class space    used 2521K, committed 2624K, reserved 1048576K
}
Event: 4.924 GC heap before
{Heap before GC invocations=5 (full 0):
 garbage-first heap   total 71680K, used 69369K [0x0000000080000000, 0x0000000100000000)
  region size 1024K, 58 young (59392K), 9 survivors (9216K)
 Metaspace       used 29458K, committed 29952K, reserved 1114112K
  class space    used 3862K, committed 4096K, reserved 1048576K
}
Event: 4.933 GC heap after
{Heap after GC invocations=6 (full 0):
 garbage-first heap   total 82944K, used 22838K [0x0000000080000000, 0x0000000100000000)
  region size 1024K, 6 young (6144K), 6 survivors (6144K)
 Metaspace       used 29458K, committed 29952K, reserved 1114112K
  class space    used 3862K, committed 4096K, reserved 1048576K
}
Event: 6.057 GC heap before
{Heap before GC invocations=6 (full 0):
 garbage-first heap   total 82944K, used 63798K [0x0000000080000000, 0x0000000100000000)
  region size 1024K, 46 young (47104K), 6 survivors (6144K)
 Metaspace       used 34925K, committed 35712K, reserved 1114112K
  class space    used 4835K, committed 5248K, reserved 1048576K
}
Event: 6.065 GC heap after
{Heap after GC invocations=7 (full 0):
 garbage-first heap   total 82944K, used 25490K [0x0000000080000000, 0x0000000100000000)
  region size 1024K, 6 young (6144K), 6 survivors (6144K)
 Metaspace       used 34925K, committed 35712K, reserved 1114112K
  class space    used 4835K, committed 5248K, reserved 1048576K
}
Event: 6.097 GC heap before
{Heap before GC invocations=7 (full 0):
 garbage-first heap   total 82944K, used 26514K [0x0000000080000000, 0x0000000100000000)
  region size 1024K, 8 young (8192K), 6 survivors (6144K)
 Metaspace       used 35209K, committed 35968K, reserved 1114112K
  class space    used 4852K, committed 5248K, reserved 1048576K
}
Event: 6.103 GC heap after
{Heap after GC invocations=8 (full 0):
 garbage-first heap   total 82944K, used 25827K [0x0000000080000000, 0x0000000100000000)
  region size 1024K, 4 young (4096K), 4 survivors (4096K)
 Metaspace       used 35209K, committed 35968K, reserved 1114112K
  class space    used 4852K, committed 5248K, reserved 1048576K
}
Event: 7.538 GC heap before
{Heap before GC invocations=9 (full 0):
 garbage-first heap   total 82944K, used 66787K [0x0000000080000000, 0x0000000100000000)
  region size 1024K, 45 young (46080K), 4 survivors (4096K)
 Metaspace       used 43701K, committed 44544K, reserved 1114112K
  class space    used 5982K, committed 6400K, reserved 1048576K
}
Event: 7.544 GC heap after
{Heap after GC invocations=10 (full 0):
 garbage-first heap   total 82944K, used 29261K [0x0000000080000000, 0x0000000100000000)
  region size 1024K, 6 young (6144K), 6 survivors (6144K)
 Metaspace       used 43701K, committed 44544K, reserved 1114112K
  class space    used 5982K, committed 6400K, reserved 1048576K
}
Event: 8.237 GC heap before
{Heap before GC invocations=10 (full 0):
 garbage-first heap   total 82944K, used 74317K [0x0000000080000000, 0x0000000100000000)
  region size 1024K, 46 young (47104K), 6 survivors (6144K)
 Metaspace       used 46822K, committed 47808K, reserved 1114112K
  class space    used 6297K, committed 6720K, reserved 1048576K
}
Event: 8.245 GC heap after
{Heap after GC invocations=11 (full 0):
 garbage-first heap   total 88064K, used 33775K [0x0000000080000000, 0x0000000100000000)
  region size 1024K, 5 young (5120K), 5 survivors (5120K)
 Metaspace       used 46822K, committed 47808K, reserved 1114112K
  class space    used 6297K, committed 6720K, reserved 1048576K
}
Event: 9.069 GC heap before
{Heap before GC invocations=11 (full 0):
 garbage-first heap   total 88064K, used 74735K [0x0000000080000000, 0x0000000100000000)
  region size 1024K, 45 young (46080K), 5 survivors (5120K)
 Metaspace       used 51838K, committed 53184K, reserved 1114112K
  class space    used 7152K, committed 7808K, reserved 1048576K
}
Event: 9.074 GC heap after
{Heap after GC invocations=12 (full 0):
 garbage-first heap   total 106496K, used 36275K [0x0000000080000000, 0x0000000100000000)
  region size 1024K, 3 young (3072K), 3 survivors (3072K)
 Metaspace       used 51838K, committed 53184K, reserved 1114112K
  class space    used 7152K, committed 7808K, reserved 1048576K
}
Event: 12.273 GC heap before
{Heap before GC invocations=12 (full 0):
 garbage-first heap   total 106496K, used 93619K [0x0000000080000000, 0x0000000100000000)
  region size 1024K, 58 young (59392K), 3 survivors (3072K)
 Metaspace       used 58139K, committed 59648K, reserved 1114112K
  class space    used 8054K, committed 8768K, reserved 1048576K
}
Event: 12.289 GC heap after
{Heap after GC invocations=13 (full 0):
 garbage-first heap   total 106496K, used 41833K [0x0000000080000000, 0x0000000100000000)
  region size 1024K, 8 young (8192K), 8 survivors (8192K)
 Metaspace       used 58139K, committed 59648K, reserved 1114112K
  class space    used 8054K, committed 8768K, reserved 1048576K
}
Event: 13.318 GC heap before
{Heap before GC invocations=13 (full 0):
 garbage-first heap   total 106496K, used 66409K [0x0000000080000000, 0x0000000100000000)
  region size 1024K, 33 young (33792K), 8 survivors (8192K)
 Metaspace       used 58698K, committed 60160K, reserved 1114112K
  class space    used 8135K, committed 8832K, reserved 1048576K
}
Event: 13.334 GC heap after
{Heap after GC invocations=14 (full 0):
 garbage-first heap   total 106496K, used 42668K [0x0000000080000000, 0x0000000100000000)
  region size 1024K, 2 young (2048K), 2 survivors (2048K)
 Metaspace       used 58698K, committed 60160K, reserved 1114112K
  class space    used 8135K, committed 8832K, reserved 1048576K
}
Event: 17.683 GC heap before
{Heap before GC invocations=15 (full 0):
 garbage-first heap   total 106496K, used 93868K [0x0000000080000000, 0x0000000100000000)
  region size 1024K, 52 young (53248K), 2 survivors (2048K)
 Metaspace       used 65757K, committed 67392K, reserved 1114112K
  class space    used 9196K, committed 9984K, reserved 1048576K
}
Event: 17.688 GC heap after
{Heap after GC invocations=16 (full 0):
 garbage-first heap   total 106496K, used 45216K [0x0000000080000000, 0x0000000100000000)
  region size 1024K, 5 young (5120K), 5 survivors (5120K)
 Metaspace       used 65757K, committed 67392K, reserved 1114112K
  class space    used 9196K, committed 9984K, reserved 1048576K
}

